180731 105115.837|CONFIG|main|setFileHandlers|Now logging to D:\hoc thuat toan\Contest1\pc2Client\pc2Client\bin\logs directory.
180731 105115.837|INFO|main|info|
180731 105115.837|INFO|main|info|Version 9.5.3 20180207 (Wednesday, February 7th 2018 04:25 UTC) Java ver 1.8.0_144 build 4653 Windows 10 10.0 (amd64) 
180731 105115.837|INFO|main|startLog|Working directory is D:\hoc thuat toan\Contest1\pc2Client\pc2Client\bin
180731 105115.868|INFO|main|startLog|Process id is 11236@DESKTOP-EBV3QLN
180731 105115.868|INFO|main|start|Starting ConnectionManager...
180731 105116.134|INFO|main|start|Started ConnectionManager
180731 105116.134|INFO|main|setClientServerAndPort|INIFile File location: file:/D:/hoc%20thuat%20toan/Contest1/pc2Client/pc2Client/bin/pc2v9.ini
180731 105116.134|INFO|main|setClientServerAndPort|setClientServerAndPort 203.162.88.119 parsed as 203.162.88.119 port 50002
180731 105116.134|INFO|main|info|Contacting server at 203.162.88.119:50002
180731 105116.134|INFO|main|connectToMyServer|Connecting to 203.162.88.119:50002
180731 105116.245|INFO|Thread-1|receiveUnencrypted|receiveUnencrypted(TransportWrapper, ConnectionHandlerID=Socket[addr=/203.162.88.119,port=50002,localport=55342]--2020220032622880069)
180731 105116.675|INFO|Thread-1|receiveUnencrypted|receiveUnencrypted Made a secret key for Socket[addr=/203.162.88.119,port=50002,localport=55342]--2020220032622880069 key is com.sun.crypto.provider.DESKey@fffe7a63
180731 105116.675|INFO|Thread-1|getPublicKeyPacket|Generating Unencrypted Public Key Packet
180731 105116.675|INFO|Thread-1|getPublicKeyPacket|checking key:= SunJCE Diffie-Hellman Public Key:
y:
    1504deb6 607b7dc4 b7c93a49 0e3f5cf6 abe30429 f40ca4fc 507ca67d 0e070cd0
    e0be30b5 61ae2a65 db493e2d fc193c14 12a6668f 3f4c2566 67570ca2 64d7ee29
    484574c1 ec35df56 da77a198 1ba1114d 05c7a752 9dca2360 c21319db 96ffc077
    3f0407b6 a058218d df5ff6f4 9013ffcc 8479daf2 b2fe4e4a 048853f6 0e4535bc
p:
    f488fd58 4e49dbcd 20b49de4 9107366b 336c380d 451d0f7c 88b31c7c 5b2d8ef6
    f3c923c0 43f0a55b 188d8ebb 558cb85d 38d334fd 7c175743 a31d186c de33212c
    b52aff3c e1b12940 18118d7c 84a70a72 d686c403 19c80729 7aca950c d9969fab
    d00a509b 0246d308 3d66a45d 419f9c7c bd894b22 1926baab a25ec355 e92f78c7
g:
    02
l:
    512
180731 105116.675|INFO|Thread-1|getPublicKeyPacket|packet:= edu.csus.ecs.pc2.core.transport.TransportWrapper@19617cdb
180731 110936.430|INFO|Thread-1|receive|Exception in receive for Socket[addr=/203.162.88.119,port=50002,localport=55342]--2020220032622880069
|java.net.SocketTimeoutException: Read timed out
|    at java.net.SocketInputStream.socketRead0 (Unknown Source)
|    at java.net.SocketInputStream.socketRead (Unknown Source)
|    at java.net.SocketInputStream.read (Unknown Source)
|    at java.net.SocketInputStream.read (Unknown Source)
|    at java.net.SocketInputStream.read (Unknown Source)
|    at java.io.ObjectInputStream$PeekInputStream.peek (Unknown Source)
|    at java.io.ObjectInputStream$BlockDataInputStream.peek (Unknown Source)
|    at java.io.ObjectInputStream$BlockDataInputStream.peekByte (Unknown Source)
|    at java.io.ObjectInputStream.readObject0 (Unknown Source)
|    at java.io.ObjectInputStream.readObject (Unknown Source)
|    at edu.csus.ecs.pc2.core.transport.ConnectionHandlerThread.receive (ConnectionHandlerThread.java:151)
|    at edu.csus.ecs.pc2.core.transport.ConnectionHandlerClientThread.run (ConnectionHandlerClientThread.java:65)
180731 110936.433|FINER|Thread-1|run|THROW
|edu.csus.ecs.pc2.core.transport.TransportException: Read timed out
|    at edu.csus.ecs.pc2.core.transport.ConnectionHandlerThread.receive (ConnectionHandlerThread.java:161)
|    at edu.csus.ecs.pc2.core.transport.ConnectionHandlerClientThread.run (ConnectionHandlerClientThread.java:65)
180731 110936.435|INFO|Thread-1|receive|SocketException in receive for Socket[addr=/203.162.88.119,port=50002,localport=55342]--2020220032622880069
|java.net.SocketException: Connection reset
|    at java.net.SocketInputStream.read (Unknown Source)
|    at java.net.SocketInputStream.read (Unknown Source)
|    at java.net.SocketInputStream.read (Unknown Source)
|    at java.io.ObjectInputStream$PeekInputStream.peek (Unknown Source)
|    at java.io.ObjectInputStream$BlockDataInputStream.peek (Unknown Source)
|    at java.io.ObjectInputStream$BlockDataInputStream.peekByte (Unknown Source)
|    at java.io.ObjectInputStream.readObject0 (Unknown Source)
|    at java.io.ObjectInputStream.readObject (Unknown Source)
|    at edu.csus.ecs.pc2.core.transport.ConnectionHandlerThread.receive (ConnectionHandlerThread.java:151)
|    at edu.csus.ecs.pc2.core.transport.ConnectionHandlerClientThread.run (ConnectionHandlerClientThread.java:65)
180731 110936.436|FINER|Thread-1|run|THROW
|edu.csus.ecs.pc2.core.transport.TransportException: Connection reset
|    at edu.csus.ecs.pc2.core.transport.ConnectionHandlerThread.receive (ConnectionHandlerThread.java:155)
|    at edu.csus.ecs.pc2.core.transport.ConnectionHandlerClientThread.run (ConnectionHandlerClientThread.java:65)
