180731 111007.446|CONFIG|main|setFileHandlers|Now logging to D:\hoc thuat toan\Contest1\pc2Client\pc2Client\bin\logs directory.
180731 111007.448|INFO|main|info|
180731 111007.452|INFO|main|info|Version 9.5.3 20180207 (Wednesday, February 7th 2018 04:25 UTC) Java ver 1.8.0_144 build 4653 Windows 10 10.0 (amd64) 
180731 111007.453|INFO|main|startLog|Working directory is D:\hoc thuat toan\Contest1\pc2Client\pc2Client\bin
180731 111007.466|INFO|main|startLog|Process id is 5148@DESKTOP-EBV3QLN
180731 111007.466|INFO|main|start|Starting ConnectionManager...
180731 111007.732|INFO|main|start|Started ConnectionManager
180731 111007.735|INFO|main|setClientServerAndPort|INIFile File location: file:/D:/hoc%20thuat%20toan/Contest1/pc2Client/pc2Client/bin/pc2v9.ini
180731 111007.789|INFO|main|setClientServerAndPort|setClientServerAndPort 203.162.88.119 parsed as 203.162.88.119 port 50002
180731 111007.790|INFO|main|info|Contacting server at 203.162.88.119:50002
180731 111007.792|INFO|main|connectToMyServer|Connecting to 203.162.88.119:50002
180731 111007.967|INFO|Thread-1|receiveUnencrypted|receiveUnencrypted(TransportWrapper, ConnectionHandlerID=Socket[addr=/203.162.88.119,port=50002,localport=55406]-6836752130301739665)
180731 111008.476|INFO|Thread-1|receiveUnencrypted|receiveUnencrypted Made a secret key for Socket[addr=/203.162.88.119,port=50002,localport=55406]-6836752130301739665 key is com.sun.crypto.provider.DESKey@1846a
180731 111008.478|INFO|Thread-1|getPublicKeyPacket|Generating Unencrypted Public Key Packet
180731 111008.480|INFO|Thread-1|getPublicKeyPacket|checking key:= SunJCE Diffie-Hellman Public Key:
y:
    be57d0db 9ad9ee44 596a37bc dba0f7e2 2ece333f f435cfb0 c8f7b93f f0952683
    0cd49bc8 dd532791 f7cdb87f a2dd84de f96ac7de 29218c95 463795ab d68641ba
    cf6358aa 418139d6 140a80f8 198356f2 c4b8dce6 6414d23b d269577d 7e22b007
    b2b46c2c e48d0336 78696d0b 9dc6a728 d8359f49 975e6e1b 83d138b7 33f43d33
p:
    f488fd58 4e49dbcd 20b49de4 9107366b 336c380d 451d0f7c 88b31c7c 5b2d8ef6
    f3c923c0 43f0a55b 188d8ebb 558cb85d 38d334fd 7c175743 a31d186c de33212c
    b52aff3c e1b12940 18118d7c 84a70a72 d686c403 19c80729 7aca950c d9969fab
    d00a509b 0246d308 3d66a45d 419f9c7c bd894b22 1926baab a25ec355 e92f78c7
g:
    02
l:
    512
180731 111008.480|INFO|Thread-1|getPublicKeyPacket|packet:= edu.csus.ecs.pc2.core.transport.TransportWrapper@1012232d
180731 131311.323|INFO|Thread-1|receive|Exception in receive for Socket[addr=/203.162.88.119,port=50002,localport=55406]-6836752130301739665
|java.net.SocketTimeoutException: Read timed out
|    at java.net.SocketInputStream.socketRead0 (Unknown Source)
|    at java.net.SocketInputStream.socketRead (Unknown Source)
|    at java.net.SocketInputStream.read (Unknown Source)
|    at java.net.SocketInputStream.read (Unknown Source)
|    at java.net.SocketInputStream.read (Unknown Source)
|    at java.io.ObjectInputStream$PeekInputStream.peek (Unknown Source)
|    at java.io.ObjectInputStream$BlockDataInputStream.peek (Unknown Source)
|    at java.io.ObjectInputStream$BlockDataInputStream.peekByte (Unknown Source)
|    at java.io.ObjectInputStream.readObject0 (Unknown Source)
|    at java.io.ObjectInputStream.readObject (Unknown Source)
|    at edu.csus.ecs.pc2.core.transport.ConnectionHandlerThread.receive (ConnectionHandlerThread.java:151)
|    at edu.csus.ecs.pc2.core.transport.ConnectionHandlerClientThread.run (ConnectionHandlerClientThread.java:65)
180731 131311.339|FINER|Thread-1|run|THROW
|edu.csus.ecs.pc2.core.transport.TransportException: Read timed out
|    at edu.csus.ecs.pc2.core.transport.ConnectionHandlerThread.receive (ConnectionHandlerThread.java:161)
|    at edu.csus.ecs.pc2.core.transport.ConnectionHandlerClientThread.run (ConnectionHandlerClientThread.java:65)
180731 131311.340|INFO|Thread-1|receive|SocketException in receive for Socket[addr=/203.162.88.119,port=50002,localport=55406]-6836752130301739665
|java.net.SocketException: Connection reset
|    at java.net.SocketInputStream.read (Unknown Source)
|    at java.net.SocketInputStream.read (Unknown Source)
|    at java.net.SocketInputStream.read (Unknown Source)
|    at java.io.ObjectInputStream$PeekInputStream.peek (Unknown Source)
|    at java.io.ObjectInputStream$BlockDataInputStream.peek (Unknown Source)
|    at java.io.ObjectInputStream$BlockDataInputStream.peekByte (Unknown Source)
|    at java.io.ObjectInputStream.readObject0 (Unknown Source)
|    at java.io.ObjectInputStream.readObject (Unknown Source)
|    at edu.csus.ecs.pc2.core.transport.ConnectionHandlerThread.receive (ConnectionHandlerThread.java:151)
|    at edu.csus.ecs.pc2.core.transport.ConnectionHandlerClientThread.run (ConnectionHandlerClientThread.java:65)
180731 131311.341|FINER|Thread-1|run|THROW
|edu.csus.ecs.pc2.core.transport.TransportException: Connection reset
|    at edu.csus.ecs.pc2.core.transport.ConnectionHandlerThread.receive (ConnectionHandlerThread.java:155)
|    at edu.csus.ecs.pc2.core.transport.ConnectionHandlerClientThread.run (ConnectionHandlerClientThread.java:65)
