180730 204723.776|CONFIG|main|setFileHandlers|Now logging to D:\hoc thuat toan\Contest1\pc2Client\pc2Client\bin\logs directory.
180730 204723.776|INFO|main|info|
180730 204723.786|INFO|main|info|Version 9.5.3 20180207 (Wednesday, February 7th 2018 04:25 UTC) Java ver 1.8.0_144 build 4653 Windows 10 10.0 (amd64) 
180730 204723.786|INFO|main|startLog|Working directory is D:\hoc thuat toan\Contest1\pc2Client\pc2Client\bin
180730 204723.801|INFO|main|startLog|Process id is 9892@DESKTOP-EBV3QLN
180730 204723.801|INFO|main|start|Starting ConnectionManager...
180730 204724.067|INFO|main|start|Started ConnectionManager
180730 204724.070|INFO|main|setClientServerAndPort|INIFile File location: file:/D:/hoc%20thuat%20toan/Contest1/pc2Client/pc2Client/bin/pc2v9.ini
180730 204724.091|INFO|main|setClientServerAndPort|setClientServerAndPort 203.162.88.119 parsed as 203.162.88.119 port 50002
180730 204724.091|INFO|main|info|Contacting server at 203.162.88.119:50002
180730 204724.096|INFO|main|connectToMyServer|Connecting to 203.162.88.119:50002
180730 204724.216|INFO|Thread-1|receiveUnencrypted|receiveUnencrypted(TransportWrapper, ConnectionHandlerID=Socket[addr=/203.162.88.119,port=50002,localport=52814]-7470704566259373692)
180730 204724.666|INFO|Thread-1|receiveUnencrypted|receiveUnencrypted Made a secret key for Socket[addr=/203.162.88.119,port=50002,localport=52814]-7470704566259373692 key is com.sun.crypto.provider.DESKey@fffe7f88
180730 204724.676|INFO|Thread-1|getPublicKeyPacket|Generating Unencrypted Public Key Packet
180730 204724.676|INFO|Thread-1|getPublicKeyPacket|checking key:= SunJCE Diffie-Hellman Public Key:
y:
    dcb0c949 8c6f8019 e1d08133 b969dcff f746214d 1d56de16 499d1504 83574bb0
    9bf9e332 420f3148 65101179 c0164983 a3a31278 af852980 33747765 080738e7
    06e279f5 88b96f15 7f19c464 274fd349 1208d3ab 319f7cd5 51885bf6 6e27d958
    5eeb1e65 c854f1cc bcf3e613 05b30792 f9cb2b62 48cfc4bc e2313bfe 06939c3b
p:
    f488fd58 4e49dbcd 20b49de4 9107366b 336c380d 451d0f7c 88b31c7c 5b2d8ef6
    f3c923c0 43f0a55b 188d8ebb 558cb85d 38d334fd 7c175743 a31d186c de33212c
    b52aff3c e1b12940 18118d7c 84a70a72 d686c403 19c80729 7aca950c d9969fab
    d00a509b 0246d308 3d66a45d 419f9c7c bd894b22 1926baab a25ec355 e92f78c7
g:
    02
l:
    512
180730 204724.676|INFO|Thread-1|getPublicKeyPacket|packet:= edu.csus.ecs.pc2.core.transport.TransportWrapper@1586cc04
180730 213236.940|INFO|Thread-1|receive|Exception in receive for Socket[addr=/203.162.88.119,port=50002,localport=52814]-7470704566259373692
|java.net.SocketTimeoutException: Read timed out
|    at java.net.SocketInputStream.socketRead0 (Unknown Source)
|    at java.net.SocketInputStream.socketRead (Unknown Source)
|    at java.net.SocketInputStream.read (Unknown Source)
|    at java.net.SocketInputStream.read (Unknown Source)
|    at java.net.SocketInputStream.read (Unknown Source)
|    at java.io.ObjectInputStream$PeekInputStream.peek (Unknown Source)
|    at java.io.ObjectInputStream$BlockDataInputStream.peek (Unknown Source)
|    at java.io.ObjectInputStream$BlockDataInputStream.peekByte (Unknown Source)
|    at java.io.ObjectInputStream.readObject0 (Unknown Source)
|    at java.io.ObjectInputStream.readObject (Unknown Source)
|    at edu.csus.ecs.pc2.core.transport.ConnectionHandlerThread.receive (ConnectionHandlerThread.java:151)
|    at edu.csus.ecs.pc2.core.transport.ConnectionHandlerClientThread.run (ConnectionHandlerClientThread.java:65)
180730 213236.942|FINER|Thread-1|run|THROW
|edu.csus.ecs.pc2.core.transport.TransportException: Read timed out
|    at edu.csus.ecs.pc2.core.transport.ConnectionHandlerThread.receive (ConnectionHandlerThread.java:161)
|    at edu.csus.ecs.pc2.core.transport.ConnectionHandlerClientThread.run (ConnectionHandlerClientThread.java:65)
180730 213236.942|INFO|Thread-1|receive|SocketException in receive for Socket[addr=/203.162.88.119,port=50002,localport=52814]-7470704566259373692
|java.net.SocketException: Connection reset
|    at java.net.SocketInputStream.read (Unknown Source)
|    at java.net.SocketInputStream.read (Unknown Source)
|    at java.net.SocketInputStream.read (Unknown Source)
|    at java.io.ObjectInputStream$PeekInputStream.peek (Unknown Source)
|    at java.io.ObjectInputStream$BlockDataInputStream.peek (Unknown Source)
|    at java.io.ObjectInputStream$BlockDataInputStream.peekByte (Unknown Source)
|    at java.io.ObjectInputStream.readObject0 (Unknown Source)
|    at java.io.ObjectInputStream.readObject (Unknown Source)
|    at edu.csus.ecs.pc2.core.transport.ConnectionHandlerThread.receive (ConnectionHandlerThread.java:151)
|    at edu.csus.ecs.pc2.core.transport.ConnectionHandlerClientThread.run (ConnectionHandlerClientThread.java:65)
180730 213236.943|FINER|Thread-1|run|THROW
|edu.csus.ecs.pc2.core.transport.TransportException: Connection reset
|    at edu.csus.ecs.pc2.core.transport.ConnectionHandlerThread.receive (ConnectionHandlerThread.java:155)
|    at edu.csus.ecs.pc2.core.transport.ConnectionHandlerClientThread.run (ConnectionHandlerClientThread.java:65)
180730 213245.779|INFO|Thread-14|send|Exception near writeObject
|java.lang.NullPointerException: null
|    at edu.csus.ecs.pc2.core.transport.ConnectionHandlerThread.send (ConnectionHandlerThread.java:100)
|    at edu.csus.ecs.pc2.core.transport.ConnectionHandler.send (ConnectionHandler.java:128)
|    at edu.csus.ecs.pc2.core.transport.TransportManager$3.run (TransportManager.java:492)
|    at java.lang.Thread.run (Unknown Source)
