180730 131114.661|CONFIG|AWT-EventQueue-0|setFileHandlers|Now logging to D:\hoc thuat toan\Contest1\pc2Client\pc2Client\bin\logs directory.
180730 131114.662|INFO|AWT-EventQueue-0|info|
180730 131114.663|INFO|AWT-EventQueue-0|info|Version 9.5.3 20180207 (Wednesday, February 7th 2018 04:25 UTC) Java ver 1.8.0_144 build 4653 Windows 10 10.0 (amd64) 
180730 131114.664|INFO|AWT-EventQueue-0|info|Login: 38 (aka team38)
180730 131114.664|INFO|AWT-EventQueue-0|startLog|Working directory is D:\hoc thuat toan\Contest1\pc2Client\pc2Client\bin
180730 131114.666|INFO|AWT-EventQueue-0|startLog|Process id is 568@DESKTOP-EBV3QLN
180730 131114.667|INFO|AWT-EventQueue-0|info|Contacting server at 203.162.88.119:50002 as TEAM38 @ site 0
180730 131114.668|INFO|AWT-EventQueue-0|info|sendLoginRequest start - sending from TEAM38 @ site 0
180730 131114.669|INFO|AWT-EventQueue-0|sendToLocalServer|Sending packet to server Packet[LOGIN_REQUEST] #2 TEAM38 @ site 0 -> SERVER0 @ site 0
180730 131114.670|INFO|AWT-EventQueue-0|sendToLocalServer|Sent    packet to server Packet[LOGIN_REQUEST] #2 TEAM38 @ site 0 -> SERVER0 @ site 0
180730 131114.671|INFO|Thread-6|run|send(Serializable)
180730 131114.671|INFO|AWT-EventQueue-0|info|sendLoginRequest end - packet sent.
180730 131114.781|INFO|Thread-1|receive|public void receive(SealedObject TransportPacket, ConnectionHandlerID connectionHandlerID)
180730 131114.969|INFO|Thread-7|info| receiveObject(S) start got Packet[LOGIN_SUCCESS] #374 SERVER0 @ site 1 -> TEAM38 @ site 1
180730 131114.970|INFO|Thread-7|dumpPacket|Packet LOGIN_SUCCESS (Seq #374 ) recieveObject
180730 131114.970|INFO|Thread-7|dumpPacket|  From: SERVER0 @ site 1 (WIN-GAG3RVQSL34 @ 10.99.3.97) (Contest Id: Default--5408402512921709741)
180730 131114.970|INFO|Thread-7|dumpPacket|    To: TEAM38 @ site 1
180730 131114.970|INFO|Thread-7|dumpPacket|   key: CLARIFICATION_LIST is: [Ledu.csus.ecs.pc2.core.model.Clarification; [Ledu.csus.ecs.pc2.core.model.Clarification;@7cca23ef
180730 131114.970|INFO|Thread-7|dumpPacket|   key: JUDGEMENT_LIST is: [Ledu.csus.ecs.pc2.core.model.Judgement; [Ledu.csus.ecs.pc2.core.model.Judgement;@720dd206
180730 131114.970|INFO|Thread-7|dumpPacket|   key: GENERAL_PROBLEM is: edu.csus.ecs.pc2.core.model.Problem General
180730 131114.970|INFO|Thread-7|dumpPacket|   key: LANGUAGE_LIST is: [Ledu.csus.ecs.pc2.core.model.Language; [Ledu.csus.ecs.pc2.core.model.Language;@7632489f
180730 131114.970|INFO|Thread-7|dumpPacket|   key: SITE_LIST is: [Ledu.csus.ecs.pc2.core.model.Site; [Ledu.csus.ecs.pc2.core.model.Site;@3330d83d
180730 131114.971|INFO|Thread-7|dumpPacket|   key: GROUP_LIST is: [Ledu.csus.ecs.pc2.core.model.Group; [Ledu.csus.ecs.pc2.core.model.Group;@1ec840ef
180730 131114.971|INFO|Thread-7|dumpPacket|   key: CONTEST_TIME_LIST is: [Ledu.csus.ecs.pc2.core.model.ContestTime; [Ledu.csus.ecs.pc2.core.model.ContestTime;@2c92cd2
180730 131114.971|INFO|Thread-7|dumpPacket|   key: CONTEST_INFORMATION is: edu.csus.ecs.pc2.core.model.ContestInformation edu.csus.ecs.pc2.core.model.ContestInformation@66dbeaa4
180730 131114.971|INFO|Thread-7|dumpPacket|   key: CONTEST_TIME is: edu.csus.ecs.pc2.core.model.ContestTime edu.csus.ecs.pc2.core.model.ContestTime@531f2772
180730 131114.972|INFO|Thread-7|dumpPacket|   key: REMOTE_LOGGED_IN_USERS is: [Ledu.csus.ecs.pc2.core.model.ClientId; [Ledu.csus.ecs.pc2.core.model.ClientId;@f0cdac6
180730 131114.972|INFO|Thread-7|dumpPacket|   key: CONNECTION_HANDLE_ID_LIST is: [Ledu.csus.ecs.pc2.core.transport.ConnectionHandlerID; [Ledu.csus.ecs.pc2.core.transport.ConnectionHandlerID;@44e8d849
180730 131114.972|INFO|Thread-7|dumpPacket|   key: BALLOON_SETTINGS_LIST is: [Ledu.csus.ecs.pc2.core.model.BalloonSettings; [Ledu.csus.ecs.pc2.core.model.BalloonSettings;@7ddf84ba
180730 131114.972|INFO|Thread-7|dumpPacket|   key: PROFILE is: edu.csus.ecs.pc2.core.model.Profile Default--4792735260142997300
180730 131114.972|INFO|Thread-7|dumpPacket|   key: RUN_LIST is: [Ledu.csus.ecs.pc2.core.model.Run; [Ledu.csus.ecs.pc2.core.model.Run;@575118c4
180730 131114.972|INFO|Thread-7|dumpPacket|   key: PROFILE_LIST is: [Ledu.csus.ecs.pc2.core.model.Profile; [Ledu.csus.ecs.pc2.core.model.Profile;@3e623202
180730 131114.973|INFO|Thread-7|dumpPacket|   key: LOCAL_LOGGED_IN_USERS is: [Ledu.csus.ecs.pc2.core.model.ClientId; [Ledu.csus.ecs.pc2.core.model.ClientId;@3cca8f17
180730 131114.973|INFO|Thread-7|dumpPacket|   key: ACCOUNT_ARRAY is: [Ledu.csus.ecs.pc2.core.model.Account; [Ledu.csus.ecs.pc2.core.model.Account;@3db13660
180730 131114.973|INFO|Thread-7|dumpPacket|   key: CLIENT_SETTINGS_LIST is: [Ledu.csus.ecs.pc2.core.model.ClientSettings; [Ledu.csus.ecs.pc2.core.model.ClientSettings;@62799e2a
180730 131114.973|INFO|Thread-7|dumpPacket|   key: SITE_NUMBER is: java.lang.Integer 1
180730 131114.974|INFO|Thread-7|dumpPacket|   key: SERVER_CLOCK_OFFSET is: java.util.GregorianCalendar java.util.GregorianCalendar[time=1532931077933,areFieldsSet=true,areAllFieldsSet=false,lenient=true,zone=sun.util.calendar.ZoneInfo[id="GMT",offset=0,dstSavings=0,useDaylight=false,transitions=0,lastRule=null],firstDayOfWeek=1,minimalDaysInFirstWeek=1,ERA=1,YEAR=2018,MONTH=6,WEEK_OF_YEAR=31,WEEK_OF_MONTH=5,DAY_OF_MONTH=30,DAY_OF_YEAR=211,DAY_OF_WEEK=2,DAY_OF_WEEK_IN_MONTH=5,AM_PM=0,HOUR=6,HOUR_OF_DAY=6,MINUTE=11,SECOND=17,MILLISECOND=933,ZONE_OFFSET=0,DST_OFFSET=0]
180730 131114.974|INFO|Thread-7|dumpPacket|   key: CATEGORY_LIST is: [Ledu.csus.ecs.pc2.core.model.Category; [Ledu.csus.ecs.pc2.core.model.Category;@4da44245
180730 131114.974|INFO|Thread-7|dumpPacket|   key: PROBLEM_DATA_FILES is: [Ledu.csus.ecs.pc2.core.model.ProblemDataFiles; [Ledu.csus.ecs.pc2.core.model.ProblemDataFiles;@25feced1
180730 131114.974|INFO|Thread-7|dumpPacket|   key: CONTEST_IDENTIFIER is: java.lang.String Default--5408402512921709741
180730 131114.974|INFO|Thread-7|dumpPacket|   key: CLIENT_ID is: edu.csus.ecs.pc2.core.model.ClientId TEAM38 @ site 1
180730 131114.975|INFO|Thread-7|dumpPacket|   key: PROBLEM_LIST is: [Ledu.csus.ecs.pc2.core.model.Problem; [Ledu.csus.ecs.pc2.core.model.Problem;@1148ee38
180730 131114.975|INFO|Thread-7|info|handlePacket start Packet[LOGIN_SUCCESS] #374 SERVER0 @ site 1 -> TEAM38 @ site 1
180730 131114.975|INFO|Thread-7|dumpPacket|Packet LOGIN_SUCCESS (Seq #374 ) handlePacket
180730 131114.975|INFO|Thread-7|dumpPacket|  From: SERVER0 @ site 1 (WIN-GAG3RVQSL34 @ 10.99.3.97) (Contest Id: Default--5408402512921709741)
180730 131114.975|INFO|Thread-7|dumpPacket|    To: TEAM38 @ site 1
180730 131114.976|INFO|Thread-7|dumpPacket|   key: CLARIFICATION_LIST is: [Ledu.csus.ecs.pc2.core.model.Clarification; [Ledu.csus.ecs.pc2.core.model.Clarification;@7cca23ef
180730 131114.976|INFO|Thread-7|dumpPacket|   key: JUDGEMENT_LIST is: [Ledu.csus.ecs.pc2.core.model.Judgement; [Ledu.csus.ecs.pc2.core.model.Judgement;@720dd206
180730 131114.976|INFO|Thread-7|dumpPacket|   key: GENERAL_PROBLEM is: edu.csus.ecs.pc2.core.model.Problem General
180730 131114.977|INFO|Thread-7|dumpPacket|   key: LANGUAGE_LIST is: [Ledu.csus.ecs.pc2.core.model.Language; [Ledu.csus.ecs.pc2.core.model.Language;@7632489f
180730 131114.977|INFO|Thread-7|dumpPacket|   key: SITE_LIST is: [Ledu.csus.ecs.pc2.core.model.Site; [Ledu.csus.ecs.pc2.core.model.Site;@3330d83d
180730 131114.977|INFO|Thread-7|dumpPacket|   key: GROUP_LIST is: [Ledu.csus.ecs.pc2.core.model.Group; [Ledu.csus.ecs.pc2.core.model.Group;@1ec840ef
180730 131114.977|INFO|Thread-7|dumpPacket|   key: CONTEST_TIME_LIST is: [Ledu.csus.ecs.pc2.core.model.ContestTime; [Ledu.csus.ecs.pc2.core.model.ContestTime;@2c92cd2
180730 131114.977|INFO|Thread-7|dumpPacket|   key: CONTEST_INFORMATION is: edu.csus.ecs.pc2.core.model.ContestInformation edu.csus.ecs.pc2.core.model.ContestInformation@66dbeaa4
180730 131114.977|INFO|Thread-7|dumpPacket|   key: CONTEST_TIME is: edu.csus.ecs.pc2.core.model.ContestTime edu.csus.ecs.pc2.core.model.ContestTime@531f2772
180730 131114.977|INFO|Thread-7|dumpPacket|   key: REMOTE_LOGGED_IN_USERS is: [Ledu.csus.ecs.pc2.core.model.ClientId; [Ledu.csus.ecs.pc2.core.model.ClientId;@f0cdac6
180730 131114.977|INFO|Thread-7|dumpPacket|   key: CONNECTION_HANDLE_ID_LIST is: [Ledu.csus.ecs.pc2.core.transport.ConnectionHandlerID; [Ledu.csus.ecs.pc2.core.transport.ConnectionHandlerID;@44e8d849
180730 131114.978|INFO|Thread-7|dumpPacket|   key: BALLOON_SETTINGS_LIST is: [Ledu.csus.ecs.pc2.core.model.BalloonSettings; [Ledu.csus.ecs.pc2.core.model.BalloonSettings;@7ddf84ba
180730 131114.978|INFO|Thread-7|dumpPacket|   key: PROFILE is: edu.csus.ecs.pc2.core.model.Profile Default--4792735260142997300
180730 131114.978|INFO|Thread-7|dumpPacket|   key: RUN_LIST is: [Ledu.csus.ecs.pc2.core.model.Run; [Ledu.csus.ecs.pc2.core.model.Run;@575118c4
180730 131114.978|INFO|Thread-7|dumpPacket|   key: PROFILE_LIST is: [Ledu.csus.ecs.pc2.core.model.Profile; [Ledu.csus.ecs.pc2.core.model.Profile;@3e623202
180730 131114.978|INFO|Thread-7|dumpPacket|   key: LOCAL_LOGGED_IN_USERS is: [Ledu.csus.ecs.pc2.core.model.ClientId; [Ledu.csus.ecs.pc2.core.model.ClientId;@3cca8f17
180730 131114.978|INFO|Thread-7|dumpPacket|   key: ACCOUNT_ARRAY is: [Ledu.csus.ecs.pc2.core.model.Account; [Ledu.csus.ecs.pc2.core.model.Account;@3db13660
180730 131114.978|INFO|Thread-7|dumpPacket|   key: CLIENT_SETTINGS_LIST is: [Ledu.csus.ecs.pc2.core.model.ClientSettings; [Ledu.csus.ecs.pc2.core.model.ClientSettings;@62799e2a
180730 131114.978|INFO|Thread-7|dumpPacket|   key: SITE_NUMBER is: java.lang.Integer 1
180730 131114.979|INFO|Thread-7|dumpPacket|   key: SERVER_CLOCK_OFFSET is: java.util.GregorianCalendar java.util.GregorianCalendar[time=1532931077933,areFieldsSet=true,areAllFieldsSet=false,lenient=true,zone=sun.util.calendar.ZoneInfo[id="GMT",offset=0,dstSavings=0,useDaylight=false,transitions=0,lastRule=null],firstDayOfWeek=1,minimalDaysInFirstWeek=1,ERA=1,YEAR=2018,MONTH=6,WEEK_OF_YEAR=31,WEEK_OF_MONTH=5,DAY_OF_MONTH=30,DAY_OF_YEAR=211,DAY_OF_WEEK=2,DAY_OF_WEEK_IN_MONTH=5,AM_PM=0,HOUR=6,HOUR_OF_DAY=6,MINUTE=11,SECOND=17,MILLISECOND=933,ZONE_OFFSET=0,DST_OFFSET=0]
180730 131114.979|INFO|Thread-7|dumpPacket|   key: CATEGORY_LIST is: [Ledu.csus.ecs.pc2.core.model.Category; [Ledu.csus.ecs.pc2.core.model.Category;@4da44245
180730 131114.979|INFO|Thread-7|dumpPacket|   key: PROBLEM_DATA_FILES is: [Ledu.csus.ecs.pc2.core.model.ProblemDataFiles; [Ledu.csus.ecs.pc2.core.model.ProblemDataFiles;@25feced1
180730 131114.979|INFO|Thread-7|dumpPacket|   key: CONTEST_IDENTIFIER is: java.lang.String Default--5408402512921709741
180730 131114.979|INFO|Thread-7|dumpPacket|   key: CLIENT_ID is: edu.csus.ecs.pc2.core.model.ClientId TEAM38 @ site 1
180730 131114.979|INFO|Thread-7|dumpPacket|   key: PROBLEM_LIST is: [Ledu.csus.ecs.pc2.core.model.Problem; [Ledu.csus.ecs.pc2.core.model.Problem;@1148ee38
180730 132105.147|INFO|Thread-1|receive|public void receive(SealedObject TransportPacket, ConnectionHandlerID connectionHandlerID)
